==============================================================================
APILearn                                                                      
==============================================================================
APILearn.Robot DemoAPI                                                        
==============================================================================
APILearn.Robot DemoAPI.TestCasesAPIRequests :: Suíte de Exemplo de testes A...
==============================================================================
Cenário 01: Consulta de endereço existente                            | PASS |
------------------------------------------------------------------------------
Cenário 03: Consulta de endereço inexistente                          | PASS |
------------------------------------------------------------------------------
APILearn.Robot DemoAPI.TestCasesAPIRequests :: Suíte de Exemplo de... | PASS |
2 tests, 2 passed, 0 failed
==============================================================================
APILearn.Robot DemoAPI                                                | PASS |
2 tests, 2 passed, 0 failed
==============================================================================
APILearn                                                              | PASS |
2 tests, 2 passed, 0 failed
==============================================================================
Output:  D:\Documents\Studies\robotLearning\APILearn\pabot_results\0\output.xml
