==============================================================================
APILearn                                                                      
==============================================================================
APILearn.fakeAPI :: Documentação da API: https://fakerestapi.azurewebsites....
==============================================================================
Buscar a litagem de todos os livros (GET livros)                      | PASS |
------------------------------------------------------------------------------
Requisitar um livro especifico (GET um livro)                           
  Traceback (most recent call last):
    ~~~~~~~~~~~~~~~~~~~~~~~~~~~~~~~~~~~~~~~~~~~~~~~~~~~~~~~~~~~~~~~~~~~~~~~~~~
    File  D:\Documents\Studies\robotLearning\APILearn\fakeAPI.robot:13
    T:  Requisitar um livro especifico (GET um livro)    
    ~~~~~~~~~~~~~~~~~~~~~~~~~~~~~~~~~~~~~~~~~~~~~~~~~~~~~~~~~~~~~~~~~~~~~~~~~~
    File  D:\Documents\Studies\robotLearning\APILearn\fakeAPI.robot:17
      Conferir dados do livro "20"    
    ~~~~~~~~~~~~~~~~~~~~~~~~~~~~~~~~~~~~~~~~~~~~~~~~~~~~~~~~~~~~~~~~~~~~~~~~~~
    File  D:\Documents\Studies\robotLearning\APILearn\resourceFakeAPI.robot:52
      Dictionary Should Contain Item    ${RESPOTA.json()}    "{LIVRO_ID}"    ${BOOK_15.id}
      |  ${RESPOTA.json()} = <Unable to define variable value>
      |  ${BOOK_15.id} = 15 (str)
______________________________________________________________________________
| FAIL |
Resolving variable '${RESPOTA.json()}' failed: Variable '${RESPOTA}' not found. Did you mean:
    ${RESPOSTA}
------------------------------------------------------------------------------
Example - Editar corpo de um JSON passado                             
Original JSON:
{ "p": "10", "v": 100, "vt": { "dp": "Field to be edited" } }

New JSON string:
{"p": "10", "v": 100, "vt": {"dp": "the new value"}}
| PASS |
------------------------------------------------------------------------------
APILearn.fakeAPI :: Documentação da API: https://fakerestapi.azure... | FAIL |
3 tests, 2 passed, 1 failed
==============================================================================
APILearn                                                              | FAIL |
3 tests, 2 passed, 1 failed
==============================================================================
Output:  D:\Documents\Studies\robotLearning\APILearn\pabot_results\2\output.xml
